<?xml version="1.0" encoding="UTF-8"?>
<!-- Generated by org.testng.reporters.JUnitReportReporter -->
<testsuite hostname="Shree" failures="0" tests="1" name="ecom.Amazon" time="13.590" errors="0" timestamp="2023-08-03T00:29:48 IST" skipped="0">
  <testcase classname="ecom.Amazon" name="amazonTest" time="13.590"/>
  <system-out>
    <![CDATA[opening Amazon]]>
  </system-out>
</testsuite> <!-- ecom.Amazon -->
