<?xml version="1.0" encoding="UTF-8"?>
<!-- Generated by org.testng.reporters.JUnitReportReporter -->
<testsuite hostname="Shree" failures="0" tests="1" name="ecom.Myntra" time="12.534" errors="0" timestamp="2023-07-27T12:40:43 IST" skipped="0">
  <testcase classname="ecom.Myntra" name="myntratest" time="12.534"/>
  <system-out>
    <![CDATA[opening myntra]]>
  </system-out>
</testsuite> <!-- ecom.Myntra -->
