<?xml version="1.0" encoding="UTF-8"?>
<!-- Generated by org.testng.reporters.JUnitReportReporter -->
<testsuite hostname="Shree" failures="0" tests="1" name="ecom.Flipcart" time="18.142" errors="0" timestamp="2023-07-27T12:40:43 IST" skipped="0">
  <testcase classname="ecom.Flipcart" name="flipcartTest" time="18.142"/>
  <system-out>
    <![CDATA[opening flipcart]]>
  </system-out>
</testsuite> <!-- ecom.Flipcart -->
